<?xml version="1.0" encoding="UTF-8"?>
<testng-results ignored="0" total="15" passed="15" failed="0" skipped="0">
  <reporter-output>
  </reporter-output>
  <suite started-at="2019-05-14T18:43:57Z" name="Surefire suite" finished-at="2019-05-14T18:47:21Z" duration-ms="204109">
    <groups>
    </groups>
    <test started-at="2019-05-14T18:43:57Z" name="Surefire test" finished-at="2019-05-14T18:47:21Z" duration-ms="204109">
      <class name="com.demo.nopcommerce.webpages.LoginTest">
        <test-method is-config="true" signature="setUp()[pri:0, instance:com.demo.nopcommerce.webpages.LoginTest@7a8c8dcf]" started-at="2019-05-14T18:45:39Z" name="setUp" finished-at="2019-05-14T18:45:47Z" duration-ms="7487" status="PASS">
          <reporter-output>
          </reporter-output>
        </test-method> <!-- setUp -->
        <test-method signature="loginShouldFailAndErrorMessageShouldAppearWhenLoginIsInvalid()[pri:0, instance:com.demo.nopcommerce.webpages.LoginTest@7a8c8dcf]" started-at="2019-05-14T18:45:47Z" name="loginShouldFailAndErrorMessageShouldAppearWhenLoginIsInvalid" finished-at="2019-05-14T18:45:50Z" duration-ms="2780" status="PASS">
          <reporter-output>
          </reporter-output>
        </test-method> <!-- loginShouldFailAndErrorMessageShouldAppearWhenLoginIsInvalid -->
        <test-method is-config="true" signature="tearDown()[pri:0, instance:com.demo.nopcommerce.webpages.LoginTest@7a8c8dcf]" started-at="2019-05-14T18:45:50Z" name="tearDown" finished-at="2019-05-14T18:45:50Z" duration-ms="778" status="PASS">
          <reporter-output>
          </reporter-output>
        </test-method> <!-- tearDown -->
        <test-method is-config="true" signature="setUp()[pri:0, instance:com.demo.nopcommerce.webpages.LoginTest@7a8c8dcf]" started-at="2019-05-14T18:45:50Z" name="setUp" finished-at="2019-05-14T18:45:59Z" duration-ms="8730" status="PASS">
          <reporter-output>
          </reporter-output>
        </test-method> <!-- setUp -->
        <test-method signature="userShouldNavigateToLoginPageSuccessfully()[pri:0, instance:com.demo.nopcommerce.webpages.LoginTest@7a8c8dcf]" started-at="2019-05-14T18:45:59Z" name="userShouldNavigateToLoginPageSuccessfully" finished-at="2019-05-14T18:46:00Z" duration-ms="1173" status="PASS">
          <reporter-output>
          </reporter-output>
        </test-method> <!-- userShouldNavigateToLoginPageSuccessfully -->
        <test-method is-config="true" signature="tearDown()[pri:0, instance:com.demo.nopcommerce.webpages.LoginTest@7a8c8dcf]" started-at="2019-05-14T18:46:00Z" name="tearDown" finished-at="2019-05-14T18:46:01Z" duration-ms="782" status="PASS">
          <reporter-output>
          </reporter-output>
        </test-method> <!-- tearDown -->
      </class> <!-- com.demo.nopcommerce.webpages.LoginTest -->
      <class name="com.demo.nopcommerce.webpages.HomeTest">
        <test-method is-config="true" signature="setUp()[pri:0, instance:com.demo.nopcommerce.webpages.HomeTest@5dda768f]" started-at="2019-05-14T18:45:06Z" name="setUp" finished-at="2019-05-14T18:45:17Z" duration-ms="11021" status="PASS">
          <reporter-output>
          </reporter-output>
        </test-method> <!-- setUp -->
        <test-method signature="userShouldNavigateToComputerPageSuccessfully()[pri:0, instance:com.demo.nopcommerce.webpages.HomeTest@5dda768f]" started-at="2019-05-14T18:45:17Z" name="userShouldNavigateToComputerPageSuccessfully" finished-at="2019-05-14T18:45:19Z" duration-ms="1396" status="PASS">
          <reporter-output>
          </reporter-output>
        </test-method> <!-- userShouldNavigateToComputerPageSuccessfully -->
        <test-method is-config="true" signature="tearDown()[pri:0, instance:com.demo.nopcommerce.webpages.HomeTest@5dda768f]" started-at="2019-05-14T18:45:19Z" name="tearDown" finished-at="2019-05-14T18:45:20Z" duration-ms="797" status="PASS">
          <reporter-output>
          </reporter-output>
        </test-method> <!-- tearDown -->
        <test-method is-config="true" signature="setUp()[pri:0, instance:com.demo.nopcommerce.webpages.HomeTest@5dda768f]" started-at="2019-05-14T18:45:20Z" name="setUp" finished-at="2019-05-14T18:45:26Z" duration-ms="6498" status="PASS">
          <reporter-output>
          </reporter-output>
        </test-method> <!-- setUp -->
        <test-method signature="userShouldNavigateToLoginPageSuccessfully()[pri:0, instance:com.demo.nopcommerce.webpages.HomeTest@5dda768f]" started-at="2019-05-14T18:45:26Z" name="userShouldNavigateToLoginPageSuccessfully" finished-at="2019-05-14T18:45:28Z" duration-ms="2001" status="PASS">
          <reporter-output>
          </reporter-output>
        </test-method> <!-- userShouldNavigateToLoginPageSuccessfully -->
        <test-method is-config="true" signature="tearDown()[pri:0, instance:com.demo.nopcommerce.webpages.HomeTest@5dda768f]" started-at="2019-05-14T18:45:28Z" name="tearDown" finished-at="2019-05-14T18:45:29Z" duration-ms="850" status="PASS">
          <reporter-output>
          </reporter-output>
        </test-method> <!-- tearDown -->
        <test-method is-config="true" signature="setUp()[pri:0, instance:com.demo.nopcommerce.webpages.HomeTest@5dda768f]" started-at="2019-05-14T18:45:29Z" name="setUp" finished-at="2019-05-14T18:45:37Z" duration-ms="8071" status="PASS">
          <reporter-output>
          </reporter-output>
        </test-method> <!-- setUp -->
        <test-method signature="userShouldNavigateToRegistrationPageSuccessfully()[pri:0, instance:com.demo.nopcommerce.webpages.HomeTest@5dda768f]" started-at="2019-05-14T18:45:37Z" name="userShouldNavigateToRegistrationPageSuccessfully" finished-at="2019-05-14T18:45:38Z" duration-ms="1391" status="PASS">
          <reporter-output>
          </reporter-output>
        </test-method> <!-- userShouldNavigateToRegistrationPageSuccessfully -->
        <test-method is-config="true" signature="tearDown()[pri:0, instance:com.demo.nopcommerce.webpages.HomeTest@5dda768f]" started-at="2019-05-14T18:45:38Z" name="tearDown" finished-at="2019-05-14T18:45:39Z" duration-ms="857" status="PASS">
          <reporter-output>
          </reporter-output>
        </test-method> <!-- tearDown -->
      </class> <!-- com.demo.nopcommerce.webpages.HomeTest -->
      <class name="com.demo.nopcommerce.webpages.TestSuit">
        <test-method is-config="true" signature="setUp()[pri:0, instance:com.demo.nopcommerce.webpages.TestSuit@24269709]" started-at="2019-05-14T18:46:01Z" name="setUp" finished-at="2019-05-14T18:46:10Z" duration-ms="8658" status="PASS">
          <reporter-output>
          </reporter-output>
        </test-method> <!-- setUp -->
        <test-method signature="desktopShouldAddToBasketSuccessfully()[pri:0, instance:com.demo.nopcommerce.webpages.TestSuit@24269709]" started-at="2019-05-14T18:46:10Z" name="desktopShouldAddToBasketSuccessfully" finished-at="2019-05-14T18:46:19Z" duration-ms="9230" status="PASS">
          <reporter-output>
          </reporter-output>
        </test-method> <!-- desktopShouldAddToBasketSuccessfully -->
        <test-method is-config="true" signature="tearDown()[pri:0, instance:com.demo.nopcommerce.webpages.TestSuit@24269709]" started-at="2019-05-14T18:46:19Z" name="tearDown" finished-at="2019-05-14T18:46:20Z" duration-ms="898" status="PASS">
          <reporter-output>
          </reporter-output>
        </test-method> <!-- tearDown -->
        <test-method is-config="true" signature="setUp()[pri:0, instance:com.demo.nopcommerce.webpages.TestSuit@24269709]" started-at="2019-05-14T18:46:20Z" name="setUp" finished-at="2019-05-14T18:46:27Z" duration-ms="6940" status="PASS">
          <reporter-output>
          </reporter-output>
        </test-method> <!-- setUp -->
        <test-method signature="loginShouldFailAndErrorMessageShouldAppearWhenLoginIsInvalid()[pri:0, instance:com.demo.nopcommerce.webpages.TestSuit@24269709]" started-at="2019-05-14T18:46:27Z" name="loginShouldFailAndErrorMessageShouldAppearWhenLoginIsInvalid" finished-at="2019-05-14T18:46:29Z" duration-ms="1938" status="PASS">
          <reporter-output>
          </reporter-output>
        </test-method> <!-- loginShouldFailAndErrorMessageShouldAppearWhenLoginIsInvalid -->
        <test-method is-config="true" signature="tearDown()[pri:0, instance:com.demo.nopcommerce.webpages.TestSuit@24269709]" started-at="2019-05-14T18:46:29Z" name="tearDown" finished-at="2019-05-14T18:46:30Z" duration-ms="780" status="PASS">
          <reporter-output>
          </reporter-output>
        </test-method> <!-- tearDown -->
        <test-method is-config="true" signature="setUp()[pri:0, instance:com.demo.nopcommerce.webpages.TestSuit@24269709]" started-at="2019-05-14T18:46:30Z" name="setUp" finished-at="2019-05-14T18:46:36Z" duration-ms="6444" status="PASS">
          <reporter-output>
          </reporter-output>
        </test-method> <!-- setUp -->
        <test-method signature="userShouldNavigateToBuildYourOwnPageSuccessfully()[pri:0, instance:com.demo.nopcommerce.webpages.TestSuit@24269709]" started-at="2019-05-14T18:46:36Z" name="userShouldNavigateToBuildYourOwnPageSuccessfully" finished-at="2019-05-14T18:46:41Z" duration-ms="4722" status="PASS">
          <reporter-output>
          </reporter-output>
        </test-method> <!-- userShouldNavigateToBuildYourOwnPageSuccessfully -->
        <test-method is-config="true" signature="tearDown()[pri:0, instance:com.demo.nopcommerce.webpages.TestSuit@24269709]" started-at="2019-05-14T18:46:41Z" name="tearDown" finished-at="2019-05-14T18:46:41Z" duration-ms="796" status="PASS">
          <reporter-output>
          </reporter-output>
        </test-method> <!-- tearDown -->
        <test-method is-config="true" signature="setUp()[pri:0, instance:com.demo.nopcommerce.webpages.TestSuit@24269709]" started-at="2019-05-14T18:46:41Z" name="setUp" finished-at="2019-05-14T18:46:49Z" duration-ms="7052" status="PASS">
          <reporter-output>
          </reporter-output>
        </test-method> <!-- setUp -->
        <test-method signature="userShouldNavigateToComputerPageSuccessfully()[pri:0, instance:com.demo.nopcommerce.webpages.TestSuit@24269709]" started-at="2019-05-14T18:46:49Z" name="userShouldNavigateToComputerPageSuccessfully" finished-at="2019-05-14T18:46:50Z" duration-ms="1504" status="PASS">
          <reporter-output>
          </reporter-output>
        </test-method> <!-- userShouldNavigateToComputerPageSuccessfully -->
        <test-method is-config="true" signature="tearDown()[pri:0, instance:com.demo.nopcommerce.webpages.TestSuit@24269709]" started-at="2019-05-14T18:46:50Z" name="tearDown" finished-at="2019-05-14T18:46:51Z" duration-ms="772" status="PASS">
          <reporter-output>
          </reporter-output>
        </test-method> <!-- tearDown -->
        <test-method is-config="true" signature="setUp()[pri:0, instance:com.demo.nopcommerce.webpages.TestSuit@24269709]" started-at="2019-05-14T18:46:51Z" name="setUp" finished-at="2019-05-14T18:46:59Z" duration-ms="8069" status="PASS">
          <reporter-output>
          </reporter-output>
        </test-method> <!-- setUp -->
        <test-method signature="userShouldNavigateToDesktopPageSuccessfully()[pri:0, instance:com.demo.nopcommerce.webpages.TestSuit@24269709]" started-at="2019-05-14T18:46:59Z" name="userShouldNavigateToDesktopPageSuccessfully" finished-at="2019-05-14T18:47:02Z" duration-ms="3229" status="PASS">
          <reporter-output>
          </reporter-output>
        </test-method> <!-- userShouldNavigateToDesktopPageSuccessfully -->
        <test-method is-config="true" signature="tearDown()[pri:0, instance:com.demo.nopcommerce.webpages.TestSuit@24269709]" started-at="2019-05-14T18:47:02Z" name="tearDown" finished-at="2019-05-14T18:47:03Z" duration-ms="796" status="PASS">
          <reporter-output>
          </reporter-output>
        </test-method> <!-- tearDown -->
        <test-method is-config="true" signature="setUp()[pri:0, instance:com.demo.nopcommerce.webpages.TestSuit@24269709]" started-at="2019-05-14T18:47:03Z" name="setUp" finished-at="2019-05-14T18:47:10Z" duration-ms="7084" status="PASS">
          <reporter-output>
          </reporter-output>
        </test-method> <!-- setUp -->
        <test-method signature="userShouldNavigateToLoginPageSuccessfully()[pri:0, instance:com.demo.nopcommerce.webpages.TestSuit@24269709]" started-at="2019-05-14T18:47:10Z" name="userShouldNavigateToLoginPageSuccessfully" finished-at="2019-05-14T18:47:11Z" duration-ms="1279" status="PASS">
          <reporter-output>
          </reporter-output>
        </test-method> <!-- userShouldNavigateToLoginPageSuccessfully -->
        <test-method is-config="true" signature="tearDown()[pri:0, instance:com.demo.nopcommerce.webpages.TestSuit@24269709]" started-at="2019-05-14T18:47:11Z" name="tearDown" finished-at="2019-05-14T18:47:12Z" duration-ms="769" status="PASS">
          <reporter-output>
          </reporter-output>
        </test-method> <!-- tearDown -->
        <test-method is-config="true" signature="setUp()[pri:0, instance:com.demo.nopcommerce.webpages.TestSuit@24269709]" started-at="2019-05-14T18:47:12Z" name="setUp" finished-at="2019-05-14T18:47:19Z" duration-ms="7144" status="PASS">
          <reporter-output>
          </reporter-output>
        </test-method> <!-- setUp -->
        <test-method signature="userShouldNavigateToRegistrationPageSuccessfully()[pri:0, instance:com.demo.nopcommerce.webpages.TestSuit@24269709]" started-at="2019-05-14T18:47:19Z" name="userShouldNavigateToRegistrationPageSuccessfully" finished-at="2019-05-14T18:47:20Z" duration-ms="1060" status="PASS">
          <reporter-output>
          </reporter-output>
        </test-method> <!-- userShouldNavigateToRegistrationPageSuccessfully -->
        <test-method is-config="true" signature="tearDown()[pri:0, instance:com.demo.nopcommerce.webpages.TestSuit@24269709]" started-at="2019-05-14T18:47:20Z" name="tearDown" finished-at="2019-05-14T18:47:21Z" duration-ms="798" status="PASS">
          <reporter-output>
          </reporter-output>
        </test-method> <!-- tearDown -->
      </class> <!-- com.demo.nopcommerce.webpages.TestSuit -->
      <class name="com.demo.nopcommerce.webpages.ComputerTest">
        <test-method is-config="true" signature="setUp()[pri:0, instance:com.demo.nopcommerce.webpages.ComputerTest@fbd1f6]" started-at="2019-05-14T18:43:57Z" name="setUp" finished-at="2019-05-14T18:44:18Z" duration-ms="21408" status="PASS">
          <reporter-output>
          </reporter-output>
        </test-method> <!-- setUp -->
        <test-method signature="userShouldNavigateToDesktopPageSuccessfully()[pri:0, instance:com.demo.nopcommerce.webpages.ComputerTest@fbd1f6]" started-at="2019-05-14T18:44:18Z" name="userShouldNavigateToDesktopPageSuccessfully" finished-at="2019-05-14T18:44:22Z" duration-ms="3358" status="PASS">
          <reporter-output>
          </reporter-output>
        </test-method> <!-- userShouldNavigateToDesktopPageSuccessfully -->
        <test-method is-config="true" signature="tearDown()[pri:0, instance:com.demo.nopcommerce.webpages.ComputerTest@fbd1f6]" started-at="2019-05-14T18:44:22Z" name="tearDown" finished-at="2019-05-14T18:44:23Z" duration-ms="968" status="PASS">
          <reporter-output>
          </reporter-output>
        </test-method> <!-- tearDown -->
      </class> <!-- com.demo.nopcommerce.webpages.ComputerTest -->
      <class name="com.demo.nopcommerce.webpages.DesktopTest">
        <test-method is-config="true" signature="setUp()[pri:0, instance:com.demo.nopcommerce.webpages.DesktopTest@1ce24091]" started-at="2019-05-14T18:44:23Z" name="setUp" finished-at="2019-05-14T18:44:34Z" duration-ms="11152" status="PASS">
          <reporter-output>
          </reporter-output>
        </test-method> <!-- setUp -->
        <test-method signature="desktopShouldAddToBasketSuccessfully()[pri:0, instance:com.demo.nopcommerce.webpages.DesktopTest@1ce24091]" started-at="2019-05-14T18:44:34Z" name="desktopShouldAddToBasketSuccessfully" finished-at="2019-05-14T18:44:48Z" duration-ms="13972" status="PASS">
          <reporter-output>
          </reporter-output>
        </test-method> <!-- desktopShouldAddToBasketSuccessfully -->
        <test-method is-config="true" signature="tearDown()[pri:0, instance:com.demo.nopcommerce.webpages.DesktopTest@1ce24091]" started-at="2019-05-14T18:44:48Z" name="tearDown" finished-at="2019-05-14T18:44:49Z" duration-ms="893" status="PASS">
          <reporter-output>
          </reporter-output>
        </test-method> <!-- tearDown -->
        <test-method is-config="true" signature="setUp()[pri:0, instance:com.demo.nopcommerce.webpages.DesktopTest@1ce24091]" started-at="2019-05-14T18:44:49Z" name="setUp" finished-at="2019-05-14T18:44:59Z" duration-ms="10494" status="PASS">
          <reporter-output>
          </reporter-output>
        </test-method> <!-- setUp -->
        <test-method signature="userShouldNavigateToBuildYourOwnPageSuccessfully()[pri:0, instance:com.demo.nopcommerce.webpages.DesktopTest@1ce24091]" started-at="2019-05-14T18:44:59Z" name="userShouldNavigateToBuildYourOwnPageSuccessfully" finished-at="2019-05-14T18:45:05Z" duration-ms="5640" status="PASS">
          <reporter-output>
          </reporter-output>
        </test-method> <!-- userShouldNavigateToBuildYourOwnPageSuccessfully -->
        <test-method is-config="true" signature="tearDown()[pri:0, instance:com.demo.nopcommerce.webpages.DesktopTest@1ce24091]" started-at="2019-05-14T18:45:05Z" name="tearDown" finished-at="2019-05-14T18:45:06Z" duration-ms="1560" status="PASS">
          <reporter-output>
          </reporter-output>
        </test-method> <!-- tearDown -->
      </class> <!-- com.demo.nopcommerce.webpages.DesktopTest -->
    </test> <!-- Surefire test -->
  </suite> <!-- Surefire suite -->
</testng-results>
