<?xml version="1.0" encoding="UTF-8"?>
<!-- Generated by org.testng.reporters.JUnitXMLReporter -->
<testsuite ignored="0" hostname="Jatin" failures="0" tests="15" name="Surefire test" time="204.109" errors="0" timestamp="14 May 2019 18:47:21 GMT">
  <testcase classname="com.demo.nopcommerce.webpages.ComputerTest" name="userShouldNavigateToDesktopPageSuccessfully" time="3.358"/>
  <testcase classname="com.demo.nopcommerce.webpages.DesktopTest" name="desktopShouldAddToBasketSuccessfully" time="13.972"/>
  <testcase classname="com.demo.nopcommerce.webpages.DesktopTest" name="userShouldNavigateToBuildYourOwnPageSuccessfully" time="5.64"/>
  <testcase classname="com.demo.nopcommerce.webpages.HomeTest" name="userShouldNavigateToComputerPageSuccessfully" time="1.396"/>
  <testcase classname="com.demo.nopcommerce.webpages.HomeTest" name="userShouldNavigateToLoginPageSuccessfully" time="2.001"/>
  <testcase classname="com.demo.nopcommerce.webpages.HomeTest" name="userShouldNavigateToRegistrationPageSuccessfully" time="1.391"/>
  <testcase classname="com.demo.nopcommerce.webpages.LoginTest" name="loginShouldFailAndErrorMessageShouldAppearWhenLoginIsInvalid" time="2.78"/>
  <testcase classname="com.demo.nopcommerce.webpages.LoginTest" name="userShouldNavigateToLoginPageSuccessfully" time="1.173"/>
  <testcase classname="com.demo.nopcommerce.webpages.TestSuit" name="desktopShouldAddToBasketSuccessfully" time="9.23"/>
  <testcase classname="com.demo.nopcommerce.webpages.TestSuit" name="loginShouldFailAndErrorMessageShouldAppearWhenLoginIsInvalid" time="1.938"/>
  <testcase classname="com.demo.nopcommerce.webpages.TestSuit" name="userShouldNavigateToBuildYourOwnPageSuccessfully" time="4.722"/>
  <testcase classname="com.demo.nopcommerce.webpages.TestSuit" name="userShouldNavigateToComputerPageSuccessfully" time="1.504"/>
  <testcase classname="com.demo.nopcommerce.webpages.TestSuit" name="userShouldNavigateToDesktopPageSuccessfully" time="3.229"/>
  <testcase classname="com.demo.nopcommerce.webpages.TestSuit" name="userShouldNavigateToLoginPageSuccessfully" time="1.279"/>
  <testcase classname="com.demo.nopcommerce.webpages.TestSuit" name="userShouldNavigateToRegistrationPageSuccessfully" time="1.06"/>
</testsuite> <!-- Surefire test -->
